<?xml version="1.0" encoding="UTF-8"?>
<!-- Generated by org.testng.reporters.JUnitReportReporter -->
<testsuite hostname="DESKTOP-PQ3M7G0" failures="0" tests="1" name="com.it.bd.LocatorsExample" time="60.015" errors="0" timestamp="2023-06-17T06:14:17 BDT" skipped="0">
  <testcase classname="com.it.bd.LocatorsExample" name="testLocators" time="60.015"/>
</testsuite> <!-- com.it.bd.LocatorsExample -->
