<?xml version="1.0" encoding="UTF-8"?>
<!-- Generated by org.testng.reporters.JUnitReportReporter -->
<testsuite hostname="DESKTOP-PQ3M7G0" failures="0" tests="1" name="com.it.bd.AlertHandle" time="24.921" errors="0" timestamp="2023-06-24T19:20:03 BDT" skipped="0">
  <testcase classname="com.it.bd.AlertHandle" name="alertTest" time="24.921"/>
</testsuite> <!-- com.it.bd.AlertHandle -->
