<?xml version="1.0" encoding="UTF-8"?>
<!-- Generated by org.testng.reporters.JUnitReportReporter -->
<testsuite hostname="DESKTOP-PQ3M7G0" failures="0" tests="1" name="com.it.bd.waitExamples" time="2.649" errors="0" timestamp="2023-06-29T19:08:02 BDT" skipped="0">
  <testcase classname="com.it.bd.waitExamples" name="testWaits" time="2.649"/>
</testsuite> <!-- com.it.bd.waitExamples -->
