<?xml version="1.0" encoding="UTF-8"?>
<!-- Generated by org.testng.reporters.JUnitReportReporter -->
<testsuite hostname="DESKTOP-PQ3M7G0" failures="0" tests="2" name="com.it.bd.TestNGExample" time="0.009" errors="0" timestamp="2023-06-14T03:11:20 BDT" skipped="0">
  <testcase classname="com.it.bd.TestNGExample" name="secondTest" time="0.007"/>
  <testcase classname="com.it.bd.TestNGExample" name="firstTest" time="0.002"/>
</testsuite> <!-- com.it.bd.TestNGExample -->
