<?xml version="1.0" encoding="UTF-8"?>
<!-- Generated by org.testng.reporters.JUnitReportReporter -->
<testsuite hostname="DESKTOP-PQ3M7G0" failures="0" tests="1" name="com.it.bd.ScrollHandling" time="18.211" errors="0" timestamp="2023-06-29T12:56:36 BDT" skipped="0">
  <testcase classname="com.it.bd.ScrollHandling" name="scrollTest" time="18.211"/>
</testsuite> <!-- com.it.bd.ScrollHandling -->
