<?xml version="1.0" encoding="UTF-8"?>
<!-- Generated by org.testng.reporters.JUnitReportReporter -->
<testsuite hostname="DESKTOP-1S9E44E" failures="0" tests="1" name="com.it.bd.TabHandling" time="86.784" errors="0" timestamp="2023-07-02T13:40:19 BDT" skipped="0">
  <testcase classname="com.it.bd.TabHandling" name="tabHandlingTest" time="86.784"/>
</testsuite> <!-- com.it.bd.TabHandling -->
