<?xml version="1.0" encoding="UTF-8"?>
<!-- Generated by org.testng.reporters.JUnitReportReporter -->
<testsuite hostname="DESKTOP-PQ3M7G0" failures="0" tests="1" name="com.it.bd.CopyAndPasteHandling" time="51.170" errors="0" timestamp="2023-06-29T13:33:58 BDT" skipped="0">
  <testcase classname="com.it.bd.CopyAndPasteHandling" name="copyAndPasteTest" time="51.170"/>
</testsuite> <!-- com.it.bd.CopyAndPasteHandling -->
