<?xml version="1.0" encoding="UTF-8"?>
<!-- Generated by org.testng.reporters.JUnitReportReporter -->
<testsuite hostname="DESKTOP-PQ3M7G0" failures="0" tests="1" name="com.it.bd.SelectMethodHandling" time="18.475" errors="0" timestamp="2023-06-25T18:43:48 BDT" skipped="0">
  <testcase classname="com.it.bd.SelectMethodHandling" name="slectTest" time="18.475"/>
</testsuite> <!-- com.it.bd.SelectMethodHandling -->
