<?xml version="1.0" encoding="UTF-8"?>
<!-- Generated by org.testng.reporters.JUnitReportReporter -->
<testsuite hostname="DESKTOP-PQ3M7G0" failures="0" tests="1" name="com.it.bd.MouseHoverHandling" time="11.737" errors="0" timestamp="2023-06-24T21:11:49 BDT" skipped="0">
  <testcase classname="com.it.bd.MouseHoverHandling" name="mouseHoverTest" time="11.737"/>
</testsuite> <!-- com.it.bd.MouseHoverHandling -->
