<?xml version="1.0" encoding="UTF-8"?>
<!-- Generated by org.testng.reporters.JUnitReportReporter -->
<testsuite hostname="DESKTOP-1S9E44E" failures="0" tests="2" name="com.it.bd.TestNGExample" time="0.006" errors="0" timestamp="2023-07-01T21:55:25 BDT" skipped="0">
  <testcase classname="com.it.bd.TestNGExample" name="secondTest" time="0.005"/>
  <testcase classname="com.it.bd.TestNGExample" name="firstTest" time="0.001"/>
</testsuite> <!-- com.it.bd.TestNGExample -->
