<?xml version="1.0" encoding="UTF-8"?>
<!-- Generated by org.testng.reporters.JUnitReportReporter -->
<testsuite hostname="DESKTOP-PQ3M7G0" failures="0" tests="1" name="com.it.bd.FirstAutomation" time="27.375" errors="0" timestamp="2023-06-11T21:13:16 BDT" skipped="0">
  <testcase classname="com.it.bd.FirstAutomation" name="firstTest" time="27.375"/>
</testsuite> <!-- com.it.bd.FirstAutomation -->
