<?xml version="1.0" encoding="UTF-8"?>
<!-- Generated by org.testng.reporters.JUnitReportReporter -->
<testsuite hostname="DESKTOP-PQ3M7G0" failures="0" tests="1" name="com.it.bd.BrowserCommandsExample" time="12.170" errors="0" timestamp="2023-06-23T03:28:29 BDT" skipped="0">
  <testcase classname="com.it.bd.BrowserCommandsExample" name="browserCommandTest" time="12.170"/>
</testsuite> <!-- com.it.bd.BrowserCommandsExample -->
