<?xml version="1.0" encoding="UTF-8"?>
<!-- Generated by org.testng.reporters.JUnitReportReporter -->
<testsuite hostname="DESKTOP-PQ3M7G0" failures="0" tests="1" name="com.it.bd.WebElementCommandsExample" time="18.863" errors="0" timestamp="2023-06-23T02:57:16 BDT" skipped="0">
  <testcase classname="com.it.bd.WebElementCommandsExample" name="webelementtests" time="18.863"/>
</testsuite> <!-- com.it.bd.WebElementCommandsExample -->
